<?xml version="1.0" encoding="UTF-8"?>
<testng-results ignored="0" total="1" passed="1" failed="0" skipped="0">
  <reporter-output>
  </reporter-output>
  <suite started-at="2020-04-24T12:39:03 IST" name="Default suite" finished-at="2020-04-24T12:39:33 IST" duration-ms="30408">
    <groups>
    </groups>
    <test started-at="2020-04-24T12:39:03 IST" name="Default test" finished-at="2020-04-24T12:39:33 IST" duration-ms="30408">
      <class name="com.FaceBookLogin.MainClass1">
        <test-method signature="openApplication()[pri:0, instance:com.FaceBookLogin.MainClass1@23529fee]" started-at="2020-04-24T12:39:03 IST" name="openApplication" finished-at="2020-04-24T12:39:33 IST" duration-ms="30339" status="PASS">
          <reporter-output>
          </reporter-output>
        </test-method> <!-- openApplication -->
      </class> <!-- com.FaceBookLogin.MainClass1 -->
    </test> <!-- Default test -->
  </suite> <!-- Default suite -->
</testng-results>
